[0408/122334.427:ERROR:process_memory_win.cc(73)] ReadMemory at 0x1c6c09507b0 of 72 bytes failed: ReadProcessMemory 또는 WriteProcessMemory의 일부 작업만을 마쳤습니다. (0x12B)
[0408/122334.428:WARNING:pe_image_annotations_reader.cc(134)] could not read annotations list object in C:\Program Files (x86)\Google\Chrome\Application\73.0.3683.86\chrome_elf.dll
[0408/122334.428:ERROR:process_memory_win.cc(73)] ReadMemory at 0x1c6c0804880 of 72 bytes failed: ReadProcessMemory 또는 WriteProcessMemory의 일부 작업만을 마쳤습니다. (0x12B)
[0408/122334.428:WARNING:pe_image_annotations_reader.cc(134)] could not read annotations list object in C:\Program Files (x86)\Google\Chrome\Application\73.0.3683.86\chrome_child.dll
[0408/122334.455:ERROR:process_memory_win.cc(73)] ReadMemory at 0x7ff720320000 of 64 bytes failed: ReadProcessMemory 또는 WriteProcessMemory의 일부 작업만을 마쳤습니다. (0x12B)
[0408/122334.455:WARNING:pe_image_reader.cc(340)] could not read dos header from C:\Program Files (x86)\Google\Chrome\Application\chrome.exe
[0408/122334.455:ERROR:process_memory_win.cc(73)] ReadMemory at 0x7ff9042e0000 of 64 bytes failed: ReadProcessMemory 또는 WriteProcessMemory의 일부 작업만을 마쳤습니다. (0x12B)
[0408/122334.455:WARNING:pe_image_reader.cc(340)] could not read dos header from C:\WINDOWS\SYSTEM32\ntdll.dll
[0408/122334.455:ERROR:process_memory_win.cc(73)] ReadMemory at 0x7ff903bd0000 of 64 bytes failed: ReadProcessMemory 또는 WriteProcessMemory의 일부 작업만을 마쳤습니다. (0x12B)
[0408/122334.455:WARNING:pe_image_reader.cc(340)] could not read dos header from C:\WINDOWS\System32\KERNEL32.DLL
[0408/122334.455:ERROR:process_memory_win.cc(73)] ReadMemory at 0x7ff9012b0000 of 64 bytes failed: ReadProcessMemory 또는 WriteProcessMemory의 일부 작업만을 마쳤습니다. (0x12B)
[0408/122334.455:WARNING:pe_image_reader.cc(340)] could not read dos header from C:\WINDOWS\System32\KERNELBASE.dll
[0408/122334.455:ERROR:process_memory_win.cc(73)] ReadMemory at 0x7ff8fe580000 of 64 bytes failed: ReadProcessMemory 또는 WriteProcessMemory의 일부 작업만을 마쳤습니다. (0x12B)
[0408/122334.455:WARNING:pe_image_reader.cc(340)] could not read dos header from C:\WINDOWS\SYSTEM32\apphelp.dll
[0408/122334.455:ERROR:process_memory_win.cc(73)] ReadMemory at 0x7ff901b60000 of 64 bytes failed: ReadProcessMemory 또는 WriteProcessMemory의 일부 작업만을 마쳤습니다. (0x12B)
[0408/122334.455:WARNING:pe_image_reader.cc(340)] could not read dos header from C:\WINDOWS\System32\SHELL32.dll
[0408/122334.455:ERROR:process_memory_win.cc(73)] ReadMemory at 0x7ff9036a0000 of 64 bytes failed: ReadProcessMemory 또는 WriteProcessMemory의 일부 작업만을 마쳤습니다. (0x12B)
[0408/122334.455:WARNING:pe_image_reader.cc(340)] could not read dos header from C:\WINDOWS\System32\msvcrt.dll
[0408/122334.455:ERROR:process_memory_win.cc(73)] ReadMemory at 0x7ff901530000 of 64 bytes failed: ReadProcessMemory 또는 WriteProcessMemory의 일부 작업만을 마쳤습니다. (0x12B)
[0408/122334.455:WARNING:pe_image_reader.cc(340)] could not read dos header from C:\WINDOWS\System32\cfgmgr32.dll
[0408/122334.455:ERROR:process_memory_win.cc(73)] ReadMemory at 0x7ff900f60000 of 64 bytes failed: ReadProcessMemory 또는 WriteProcessMemory의 일부 작업만을 마쳤습니다. (0x12B)
[0408/122334.455:WARNING:pe_image_reader.cc(340)] could not read dos header from C:\WINDOWS\System32\ucrtbase.dll
[0408/122334.455:ERROR:process_memory_win.cc(73)] ReadMemory at 0x7ff903190000 of 64 bytes failed: ReadProcessMemory 또는 WriteProcessMemory의 일부 작업만을 마쳤습니다. (0x12B)
[0408/122334.455:WARNING:pe_image_reader.cc(340)] could not read dos header from C:\WINDOWS\System32\shcore.dll
[0408/122334.455:ERROR:process_memory_win.cc(73)] ReadMemory at 0x7ff903560000 of 64 bytes failed: ReadProcessMemory 또는 WriteProcessMemory의 일부 작업만을 마쳤습니다. (0x12B)
[0408/122334.455:WARNING:pe_image_reader.cc(340)] could not read dos header from C:\WINDOWS\System32\RPCRT4.dll
[0408/122334.456:ERROR:process_memory_win.cc(73)] ReadMemory at 0x7ff901830000 of 64 bytes failed: ReadProcessMemory 또는 WriteProcessMemory의 일부 작업만을 마쳤습니다. (0x12B)
[0408/122334.456:WARNING:pe_image_reader.cc(340)] could not read dos header from C:\WINDOWS\System32\combase.dll
[0408/122334.456:ERROR:process_memory_win.cc(73)] ReadMemory at 0x7ff901100000 of 64 bytes failed: ReadProcessMemory 또는 WriteProcessMemory의 일부 작업만을 마쳤습니다. (0x12B)
[0408/122334.456:WARNING:pe_image_reader.cc(340)] could not read dos header from C:\WINDOWS\System32\bcryptPrimitives.dll
[0408/122334.456:ERROR:process_memory_win.cc(73)] ReadMemory at 0x7ff900850000 of 64 bytes failed: ReadProcessMemory 또는 WriteProcessMemory의 일부 작업만을 마쳤습니다. (0x12B)
[0408/122334.456:WARNING:pe_image_reader.cc(340)] could not read dos header from C:\WINDOWS\System32\windows.storage.dll
[0408/122334.456:ERROR:process_memory_win.cc(73)] ReadMemory at 0x7ff9034b0000 of 64 bytes failed: ReadProcessMemory 또는 WriteProcessMemory의 일부 작업만을 마쳤습니다. (0x12B)
[0408/122334.456:WARNING:pe_image_reader.cc(340)] could not read dos header from C:\WINDOWS\System32\advapi32.dll
[0408/122334.456:ERROR:process_memory_win.cc(73)] ReadMemory at 0x7ff903130000 of 64 bytes failed: ReadProcessMemory 또는 WriteProcessMemory의 일부 작업만을 마쳤습니다. (0x12B)
[0408/122334.456:WARNING:pe_image_reader.cc(340)] could not read dos header from C:\WINDOWS\System32\sechost.dll
[0408/122334.456:ERROR:process_memory_win.cc(73)] ReadMemory at 0x7ff9017d0000 of 64 bytes failed: ReadProcessMemory 또는 WriteProcessMemory의 일부 작업만을 마쳤습니다. (0x12B)
[0408/122334.456:WARNING:pe_image_reader.cc(340)] could not read dos header from C:\WINDOWS\System32\shlwapi.dll
[0408/122334.456:ERROR:process_memory_win.cc(73)] ReadMemory at 0x7ff903810000 of 64 bytes failed: ReadProcessMemory 또는 WriteProcessMemory의 일부 작업만을 마쳤습니다. (0x12B)
[0408/122334.456:WARNING:pe_image_reader.cc(340)] could not read dos header from C:\WINDOWS\System32\GDI32.dll
[0408/122334.456:ERROR:process_memory_win.cc(73)] ReadMemory at 0x7ff9006b0000 of 64 bytes failed: ReadProcessMemory 또는 WriteProcessMemory의 일부 작업만을 마쳤습니다. (0x12B)
[0408/122334.456:WARNING:pe_image_reader.cc(340)] could not read dos header from C:\WINDOWS\System32\gdi32full.dll
[0408/122334.456:ERROR:process_memory_win.cc(73)] ReadMemory at 0x7ff901060000 of 64 bytes failed: ReadProcessMemory 또는 WriteProcessMemory의 일부 작업만을 마쳤습니다. (0x12B)
[0408/122334.456:WARNING:pe_image_reader.cc(340)] could not read dos header from C:\WINDOWS\System32\msvcp_win.dll
[0408/122334.456:ERROR:process_memory_win.cc(73)] ReadMemory at 0x7ff902fa0000 of 64 bytes failed: ReadProcessMemory 또는 WriteProcessMemory의 일부 작업만을 마쳤습니다. (0x12B)
[0408/122334.456:WARNING:pe_image_reader.cc(340)] could not read dos header from C:\WINDOWS\System32\USER32.dll
[0408/122334.456:ERROR:process_memory_win.cc(73)] ReadMemory at 0x7ff901230000 of 64 bytes failed: ReadProcessMemory 또는 WriteProcessMemory의 일부 작업만을 마쳤습니다. (0x12B)
[0408/122334.456:WARNING:pe_image_reader.cc(340)] could not read dos header from C:\WINDOWS\System32\win32u.dll
[0408/122334.456:ERROR:process_memory_win.cc(73)] ReadMemory at 0x7ff900690000 of 64 bytes failed: ReadProcessMemory 또는 WriteProcessMemory의 일부 작업만을 마쳤습니다. (0x12B)
[0408/122334.456:WARNING:pe_image_reader.cc(340)] could not read dos header from C:\WINDOWS\System32\kernel.appcore.dll
[0408/122334.456:ERROR:process_memory_win.cc(73)] ReadMemory at 0x7ff900600000 of 64 bytes failed: ReadProcessMemory 또는 WriteProcessMemory의 일부 작업만을 마쳤습니다. (0x12B)
[0408/122334.456:WARNING:pe_image_reader.cc(340)] could not read dos header from C:\WINDOWS\System32\profapi.dll
[0408/122334.456:ERROR:process_memory_win.cc(73)] ReadMemory at 0x7ff900620000 of 64 bytes failed: ReadProcessMemory 또는 WriteProcessMemory의 일부 작업만을 마쳤습니다. (0x12B)
[0408/122334.456:WARNING:pe_image_reader.cc(340)] could not read dos header from C:\WINDOWS\System32\powrprof.dll
[0408/122334.456:ERROR:process_memory_win.cc(73)] ReadMemory at 0x7ff9005f0000 of 64 bytes failed: ReadProcessMemory 또는 WriteProcessMemory의 일부 작업만을 마쳤습니다. (0x12B)
[0408/122334.456:WARNING:pe_image_reader.cc(340)] could not read dos header from C:\WINDOWS\System32\FLTLIB.DLL
[0408/122334.456:ERROR:process_memory_win.cc(73)] ReadMemory at 0x7ff8d1c50000 of 64 bytes failed: ReadProcessMemory 또는 WriteProcessMemory의 일부 작업만을 마쳤습니다. (0x12B)
[0408/122334.456:WARNING:pe_image_reader.cc(340)] could not read dos header from C:\Program Files (x86)\Google\Chrome\Application\73.0.3683.86\chrome_elf.dll
[0408/122334.456:ERROR:process_memory_win.cc(73)] ReadMemory at 0x7ff8fa4c0000 of 64 bytes failed: ReadProcessMemory 또는 WriteProcessMemory의 일부 작업만을 마쳤습니다. (0x12B)
[0408/122334.456:WARNING:pe_image_reader.cc(340)] could not read dos header from C:\WINDOWS\SYSTEM32\VERSION.dll
[0408/122334.456:ERROR:process_memory_win.cc(73)] ReadMemory at 0x7ff8fd090000 of 64 bytes failed: ReadProcessMemory 또는 WriteProcessMemory의 일부 작업만을 마쳤습니다. (0x12B)
[0408/122334.456:WARNING:pe_image_reader.cc(340)] could not read dos header from C:\WINDOWS\SYSTEM32\WINMM.dll
[0408/122334.456:ERROR:process_memory_win.cc(73)] ReadMemory at 0x7ff9004f0000 of 64 bytes failed: ReadProcessMemory 또는 WriteProcessMemory의 일부 작업만을 마쳤습니다. (0x12B)
[0408/122334.456:WARNING:pe_image_reader.cc(340)] could not read dos header from C:\WINDOWS\SYSTEM32\USERENV.dll
[0408/122334.456:ERROR:process_memory_win.cc(73)] ReadMemory at 0x7ff8fd060000 of 64 bytes failed: ReadProcessMemory 또는 WriteProcessMemory의 일부 작업만을 마쳤습니다. (0x12B)
[0408/122334.456:WARNING:pe_image_reader.cc(340)] could not read dos header from C:\WINDOWS\SYSTEM32\WINMMBASE.dll
[0408/122334.456:ERROR:process_memory_win.cc(73)] ReadMemory at 0x7ff900040000 of 64 bytes failed: ReadProcessMemory 또는 WriteProcessMemory의 일부 작업만을 마쳤습니다. (0x12B)
[0408/122334.457:WARNING:pe_image_reader.cc(340)] could not read dos header from C:\WINDOWS\SYSTEM32\CRYPTBASE.DLL
[0408/122334.457:ERROR:process_memory_win.cc(73)] ReadMemory at 0x7ff9037e0000 of 64 bytes failed: ReadProcessMemory 또는 WriteProcessMemory의 일부 작업만을 마쳤습니다. (0x12B)
[0408/122334.457:WARNING:pe_image_reader.cc(340)] could not read dos header from C:\WINDOWS\System32\IMM32.DLL
[0408/122334.457:ERROR:process_memory_win.cc(73)] ReadMemory at 0x7ff899590000 of 64 bytes failed: ReadProcessMemory 또는 WriteProcessMemory의 일부 작업만을 마쳤습니다. (0x12B)
[0408/122334.457:WARNING:pe_image_reader.cc(340)] could not read dos header from C:\Program Files (x86)\Google\Chrome\Application\73.0.3683.86\chrome_child.dll
[0408/122334.457:ERROR:process_memory_win.cc(73)] ReadMemory at 0x7ff9039e0000 of 64 bytes failed: ReadProcessMemory 또는 WriteProcessMemory의 일부 작업만을 마쳤습니다. (0x12B)
[0408/122334.457:WARNING:pe_image_reader.cc(340)] could not read dos header from C:\WINDOWS\System32\WS2_32.dll
[0408/122334.457:ERROR:process_memory_win.cc(73)] ReadMemory at 0x7ff9040e0000 of 64 bytes failed: ReadProcessMemory 또는 WriteProcessMemory의 일부 작업만을 마쳤습니다. (0x12B)
[0408/122334.457:WARNING:pe_image_reader.cc(340)] could not read dos header from C:\WINDOWS\System32\ole32.dll
[0408/122334.457:ERROR:process_memory_win.cc(73)] ReadMemory at 0x7ff9033e0000 of 64 bytes failed: ReadProcessMemory 또는 WriteProcessMemory의 일부 작업만을 마쳤습니다. (0x12B)
[0408/122334.457:WARNING:pe_image_reader.cc(340)] could not read dos header from C:\WINDOWS\System32\OLEAUT32.dll
[0408/122334.457:ERROR:process_memory_win.cc(73)] ReadMemory at 0x7ff901250000 of 64 bytes failed: ReadProcessMemory 또는 WriteProcessMemory의 일부 작업만을 마쳤습니다. (0x12B)
[0408/122334.457:WARNING:pe_image_reader.cc(340)] could not read dos header from C:\WINDOWS\System32\WINTRUST.dll
[0408/122334.457:ERROR:process_memory_win.cc(73)] ReadMemory at 0x7ff900670000 of 64 bytes failed: ReadProcessMemory 또는 WriteProcessMemory의 일부 작업만을 마쳤습니다. (0x12B)
[0408/122334.457:WARNING:pe_image_reader.cc(340)] could not read dos header from C:\WINDOWS\System32\MSASN1.dll
[0408/122334.457:ERROR:process_memory_win.cc(73)] ReadMemory at 0x7ff901580000 of 64 bytes failed: ReadProcessMemory 또는 WriteProcessMemory의 일부 작업만을 마쳤습니다. (0x12B)
[0408/122334.457:WARNING:pe_image_reader.cc(340)] could not read dos header from C:\WINDOWS\System32\CRYPT32.dll
[0408/122334.457:ERROR:process_memory_win.cc(73)] ReadMemory at 0x7ff903ae0000 of 64 bytes failed: ReadProcessMemory 또는 WriteProcessMemory의 일부 작업만을 마쳤습니다. (0x12B)
[0408/122334.457:WARNING:pe_image_reader.cc(340)] could not read dos header from C:\WINDOWS\System32\COMDLG32.dll
[0408/122334.457:ERROR:process_memory_win.cc(73)] ReadMemory at 0x7ff8ffbf0000 of 64 bytes failed: ReadProcessMemory 또는 WriteProcessMemory의 일부 작업만을 마쳤습니다. (0x12B)
[0408/122334.457:WARNING:pe_image_reader.cc(340)] could not read dos header from C:\WINDOWS\SYSTEM32\IPHLPAPI.DLL
[0408/122334.457:ERROR:process_memory_win.cc(73)] ReadMemory at 0x7ff8f9a30000 of 64 bytes failed: ReadProcessMemory 또는 WriteProcessMemory의 일부 작업만을 마쳤습니다. (0x12B)
[0408/122334.457:WARNING:pe_image_reader.cc(340)] could not read dos header from C:\WINDOWS\SYSTEM32\OLEACC.dll
[0408/122334.457:ERROR:process_memory_win.cc(73)] ReadMemory at 0x7ff8e87d0000 of 64 bytes failed: ReadProcessMemory 또는 WriteProcessMemory의 일부 작업만을 마쳤습니다. (0x12B)
[0408/122334.457:WARNING:pe_image_reader.cc(340)] could not read dos header from C:\WINDOWS\SYSTEM32\DWrite.dll
[0408/122334.457:ERROR:process_memory_win.cc(73)] ReadMemory at 0x7ff8ff3b0000 of 64 bytes failed: ReadProcessMemory 또는 WriteProcessMemory의 일부 작업만을 마쳤습니다. (0x12B)
[0408/122334.457:WARNING:pe_image_reader.cc(340)] could not read dos header from C:\WINDOWS\SYSTEM32\dxgi.dll
[0408/122334.457:ERROR:process_memory_win.cc(73)] ReadMemory at 0x7ff8fa970000 of 64 bytes failed: ReadProcessMemory 또는 WriteProcessMemory의 일부 작업만을 마쳤습니다. (0x12B)
[0408/122334.457:WARNING:pe_image_reader.cc(340)] could not read dos header from C:\WINDOWS\SYSTEM32\WINSPOOL.DRV
[0408/122334.457:ERROR:process_memory_win.cc(73)] ReadMemory at 0x7ff8f0150000 of 64 bytes failed: ReadProcessMemory 또는 WriteProcessMemory의 일부 작업만을 마쳤습니다. (0x12B)
[0408/122334.457:WARNING:pe_image_reader.cc(340)] could not read dos header from C:\WINDOWS\SYSTEM32\dbghelp.dll
[0408/122334.457:ERROR:process_memory_win.cc(73)] ReadMemory at 0x7ff8d0d70000 of 64 bytes failed: ReadProcessMemory 또는 WriteProcessMemory의 일부 작업만을 마쳤습니다. (0x12B)
[0408/122334.457:WARNING:pe_image_reader.cc(340)] could not read dos header from C:\WINDOWS\SYSTEM32\USP10.dll
[0408/122334.457:ERROR:process_memory_win.cc(73)] ReadMemory at 0x7ff8f68d0000 of 64 bytes failed: ReadProcessMemory 또는 WriteProcessMemory의 일부 작업만을 마쳤습니다. (0x12B)
[0408/122334.457:WARNING:pe_image_reader.cc(340)] could not read dos header from C:\WINDOWS\WinSxS\amd64_microsoft.windows.common-controls_6595b64144ccf1df_6.0.17134.648_none_fb45a0e93062a6d2\COMCTL32.dll
[0408/122334.457:ERROR:process_memory_win.cc(73)] ReadMemory at 0x7ff8fc240000 of 64 bytes failed: ReadProcessMemory 또는 WriteProcessMemory의 일부 작업만을 마쳤습니다. (0x12B)
[0408/122334.457:WARNING:pe_image_reader.cc(340)] could not read dos header from C:\WINDOWS\SYSTEM32\WINHTTP.dll
[0408/122334.457:ERROR:process_memory_win.cc(73)] ReadMemory at 0x7ff8f18d0000 of 64 bytes failed: ReadProcessMemory 또는 WriteProcessMemory의 일부 작업만을 마쳤습니다. (0x12B)
[0408/122334.457:WARNING:pe_image_reader.cc(340)] could not read dos header from C:\WINDOWS\SYSTEM32\urlmon.dll
[0408/122334.457:ERROR:process_memory_win.cc(73)] ReadMemory at 0x7ff8ee3d0000 of 64 bytes failed: ReadProcessMemory 또는 WriteProcessMemory의 일부 작업만을 마쳤습니다. (0x12B)
[0408/122334.457:WARNING:pe_image_reader.cc(340)] could not read dos header from C:\WINDOWS\SYSTEM32\Secur32.dll
[0408/122334.457:ERROR:process_memory_win.cc(73)] ReadMemory at 0x7ff8f9bc0000 of 64 bytes failed: ReadProcessMemory 또는 WriteProcessMemory의 일부 작업만을 마쳤습니다. (0x12B)
[0408/122334.457:WARNING:pe_image_reader.cc(340)] could not read dos header from C:\WINDOWS\SYSTEM32\dhcpcsvc.DLL
[0408/122334.457:ERROR:process_memory_win.cc(73)] ReadMemory at 0x7ff904240000 of 64 bytes failed: ReadProcessMemory 또는 WriteProcessMemory의 일부 작업만을 마쳤습니다. (0x12B)
[0408/122334.457:WARNING:pe_image_reader.cc(340)] could not read dos header from C:\WINDOWS\System32\NSI.dll
[0408/122334.457:ERROR:process_memory_win.cc(73)] ReadMemory at 0x7ff8ff0f0000 of 64 bytes failed: ReadProcessMemory 또는 WriteProcessMemory의 일부 작업만을 마쳤습니다. (0x12B)
[0408/122334.457:WARNING:pe_image_reader.cc(340)] could not read dos header from C:\WINDOWS\SYSTEM32\PROPSYS.dll
[0408/122334.457:ERROR:process_memory_win.cc(73)] ReadMemory at 0x7ff900150000 of 64 bytes failed: ReadProcessMemory 또는 WriteProcessMemory의 일부 작업만을 마쳤습니다. (0x12B)
[0408/122334.457:WARNING:pe_image_reader.cc(340)] could not read dos header from C:\WINDOWS\SYSTEM32\bcrypt.dll
[0408/122334.457:ERROR:process_memory_win.cc(73)] ReadMemory at 0x7ff8f15a0000 of 64 bytes failed: ReadProcessMemory 또는 WriteProcessMemory의 일부 작업만을 마쳤습니다. (0x12B)
[0408/122334.458:WARNING:pe_image_reader.cc(340)] could not read dos header from C:\WINDOWS\SYSTEM32\iertutil.dll
[0408/122334.458:ERROR:process_memory_win.cc(73)] ReadMemory at 0x7ff900520000 of 64 bytes failed: ReadProcessMemory 또는 WriteProcessMemory의 일부 작업만을 마쳤습니다. (0x12B)
[0408/122334.458:WARNING:pe_image_reader.cc(340)] could not read dos header from C:\WINDOWS\SYSTEM32\SSPICLI.DLL
[0408/122334.470:ERROR:process_memory_win.cc(73)] ReadMemory at 0x60ac9d2000 of 188416 bytes failed: ReadProcessMemory 또는 WriteProcessMemory의 일부 작업만을 마쳤습니다. (0x12B)
[0408/122334.471:ERROR:process_memory_win.cc(73)] ReadMemory at 0x60acbff000 of 4096 bytes failed: ReadProcessMemory 또는 WriteProcessMemory의 일부 작업만을 마쳤습니다. (0x12B)
[0408/122334.471:ERROR:process_memory_win.cc(73)] ReadMemory at 0x60acdfe000 of 8192 bytes failed: ReadProcessMemory 또는 WriteProcessMemory의 일부 작업만을 마쳤습니다. (0x12B)
[0408/122334.471:ERROR:process_memory_win.cc(73)] ReadMemory at 0x60ad3fe000 of 8192 bytes failed: ReadProcessMemory 또는 WriteProcessMemory의 일부 작업만을 마쳤습니다. (0x12B)
[0408/122334.471:ERROR:process_memory_win.cc(73)] ReadMemory at 0x60ad5fe000 of 8192 bytes failed: ReadProcessMemory 또는 WriteProcessMemory의 일부 작업만을 마쳤습니다. (0x12B)
[0408/122334.471:ERROR:process_memory_win.cc(73)] ReadMemory at 0x60ad7fc000 of 16384 bytes failed: ReadProcessMemory 또는 WriteProcessMemory의 일부 작업만을 마쳤습니다. (0x12B)
[0408/122334.471:ERROR:process_memory_win.cc(73)] ReadMemory at 0x60ad9fe000 of 8192 bytes failed: ReadProcessMemory 또는 WriteProcessMemory의 일부 작업만을 마쳤습니다. (0x12B)
[0408/122334.471:ERROR:process_memory_win.cc(73)] ReadMemory at 0x60adbfe000 of 8192 bytes failed: ReadProcessMemory 또는 WriteProcessMemory의 일부 작업만을 마쳤습니다. (0x12B)
[0408/122334.471:ERROR:process_memory_win.cc(73)] ReadMemory at 0x60addfc000 of 16384 bytes failed: ReadProcessMemory 또는 WriteProcessMemory의 일부 작업만을 마쳤습니다. (0x12B)
[0408/122334.471:ERROR:process_memory_win.cc(73)] ReadMemory at 0x60adff6000 of 40960 bytes failed: ReadProcessMemory 또는 WriteProcessMemory의 일부 작업만을 마쳤습니다. (0x12B)
[0408/122334.471:ERROR:process_memory_win.cc(73)] ReadMemory at 0x60ae1f7000 of 36864 bytes failed: ReadProcessMemory 또는 WriteProcessMemory의 일부 작업만을 마쳤습니다. (0x12B)
[0408/122334.471:ERROR:process_memory_win.cc(73)] ReadMemory at 0x60ae3fe000 of 8192 bytes failed: ReadProcessMemory 또는 WriteProcessMemory의 일부 작업만을 마쳤습니다. (0x12B)
[0408/122334.472:ERROR:process_memory_win.cc(73)] ReadMemory at 0x60ae7fa000 of 24576 bytes failed: ReadProcessMemory 또는 WriteProcessMemory의 일부 작업만을 마쳤습니다. (0x12B)
[0408/122334.472:ERROR:process_memory_win.cc(73)] ReadMemory at 0x60ae9fa000 of 24576 bytes failed: ReadProcessMemory 또는 WriteProcessMemory의 일부 작업만을 마쳤습니다. (0x12B)
[0408/122334.472:ERROR:process_memory_win.cc(73)] ReadMemory at 0x60aedf3000 of 53248 bytes failed: ReadProcessMemory 또는 WriteProcessMemory의 일부 작업만을 마쳤습니다. (0x12B)
[0408/122334.472:ERROR:process_memory_win.cc(73)] ReadMemory at 0x60acffc000 of 16384 bytes failed: ReadProcessMemory 또는 WriteProcessMemory의 일부 작업만을 마쳤습니다. (0x12B)
[0408/122334.472:ERROR:process_memory_win.cc(73)] ReadMemory at 0x60aebfe000 of 8192 bytes failed: ReadProcessMemory 또는 WriteProcessMemory의 일부 작업만을 마쳤습니다. (0x12B)
[0408/122334.472:ERROR:process_memory_win.cc(73)] ReadMemory at 0x60ad1fc000 of 16384 bytes failed: ReadProcessMemory 또는 WriteProcessMemory의 일부 작업만을 마쳤습니다. (0x12B)
[0408/122334.472:ERROR:process_memory_win.cc(73)] ReadMemory at 0x60ac6f7000 of 852 bytes failed: ReadProcessMemory 또는 WriteProcessMemory의 일부 작업만을 마쳤습니다. (0x12B)
[0408/122334.472:ERROR:process_memory_win.cc(73)] ReadMemory at 0x60ac6f8000 of 6024 bytes failed: ReadProcessMemory 또는 WriteProcessMemory의 일부 작업만을 마쳤습니다. (0x12B)
[0408/122334.472:ERROR:process_memory_win.cc(73)] ReadMemory at 0x60ac6fa000 of 6024 bytes failed: ReadProcessMemory 또는 WriteProcessMemory의 일부 작업만을 마쳤습니다. (0x12B)
[0408/122334.472:ERROR:process_memory_win.cc(73)] ReadMemory at 0x60ac6fc000 of 6024 bytes failed: ReadProcessMemory 또는 WriteProcessMemory의 일부 작업만을 마쳤습니다. (0x12B)
[0408/122334.472:ERROR:process_memory_win.cc(73)] ReadMemory at 0x60ac702000 of 6024 bytes failed: ReadProcessMemory 또는 WriteProcessMemory의 일부 작업만을 마쳤습니다. (0x12B)
[0408/122334.472:ERROR:process_memory_win.cc(73)] ReadMemory at 0x60ac704000 of 6024 bytes failed: ReadProcessMemory 또는 WriteProcessMemory의 일부 작업만을 마쳤습니다. (0x12B)
[0408/122334.473:ERROR:process_memory_win.cc(73)] ReadMemory at 0x60ac706000 of 6024 bytes failed: ReadProcessMemory 또는 WriteProcessMemory의 일부 작업만을 마쳤습니다. (0x12B)
[0408/122334.473:ERROR:process_memory_win.cc(73)] ReadMemory at 0x60ac708000 of 6024 bytes failed: ReadProcessMemory 또는 WriteProcessMemory의 일부 작업만을 마쳤습니다. (0x12B)
[0408/122334.473:ERROR:process_memory_win.cc(73)] ReadMemory at 0x60ac70a000 of 6024 bytes failed: ReadProcessMemory 또는 WriteProcessMemory의 일부 작업만을 마쳤습니다. (0x12B)
[0408/122334.473:ERROR:process_memory_win.cc(73)] ReadMemory at 0x60ac70c000 of 6024 bytes failed: ReadProcessMemory 또는 WriteProcessMemory의 일부 작업만을 마쳤습니다. (0x12B)
[0408/122334.473:ERROR:process_memory_win.cc(73)] ReadMemory at 0x60ac70e000 of 6024 bytes failed: ReadProcessMemory 또는 WriteProcessMemory의 일부 작업만을 마쳤습니다. (0x12B)
[0408/122334.473:ERROR:process_memory_win.cc(73)] ReadMemory at 0x60ac710000 of 6024 bytes failed: ReadProcessMemory 또는 WriteProcessMemory의 일부 작업만을 마쳤습니다. (0x12B)
[0408/122334.473:ERROR:process_memory_win.cc(73)] ReadMemory at 0x60ac712000 of 6024 bytes failed: ReadProcessMemory 또는 WriteProcessMemory의 일부 작업만을 마쳤습니다. (0x12B)
[0408/122334.473:ERROR:process_memory_win.cc(73)] ReadMemory at 0x60ac716000 of 6024 bytes failed: ReadProcessMemory 또는 WriteProcessMemory의 일부 작업만을 마쳤습니다. (0x12B)
[0408/122334.473:ERROR:process_memory_win.cc(73)] ReadMemory at 0x60ac718000 of 6024 bytes failed: ReadProcessMemory 또는 WriteProcessMemory의 일부 작업만을 마쳤습니다. (0x12B)
[0408/122334.473:ERROR:process_memory_win.cc(73)] ReadMemory at 0x60ac71c000 of 6024 bytes failed: ReadProcessMemory 또는 WriteProcessMemory의 일부 작업만을 마쳤습니다. (0x12B)
[0408/122334.473:ERROR:process_memory_win.cc(73)] ReadMemory at 0x60ac71e000 of 6024 bytes failed: ReadProcessMemory 또는 WriteProcessMemory의 일부 작업만을 마쳤습니다. (0x12B)
[0408/122334.473:ERROR:process_memory_win.cc(73)] ReadMemory at 0x60ac720000 of 6024 bytes failed: ReadProcessMemory 또는 WriteProcessMemory의 일부 작업만을 마쳤습니다. (0x12B)
[0408/122334.473:ERROR:process_memory_win.cc(73)] ReadMemory at 0x60ac722000 of 6024 bytes failed: ReadProcessMemory 또는 WriteProcessMemory의 일부 작업만을 마쳤습니다. (0x12B)
[0408/122334.473:ERROR:process_memory_win.cc(73)] ReadMemory at 0x1c6c06208d0 of 992 bytes failed: ReadProcessMemory 또는 WriteProcessMemory의 일부 작업만을 마쳤습니다. (0x12B)
[0408/122334.473:ERROR:process_memory_win.cc(73)] ReadMemory at 0x1c6c0620fc0 of 5654 bytes failed: ReadProcessMemory 또는 WriteProcessMemory의 일부 작업만을 마쳤습니다. (0x12B)
[0408/122334.473:ERROR:process_memory_win.cc(73)] ReadMemory at 0x1c6c06225e0 of 1012 bytes failed: ReadProcessMemory 또는 WriteProcessMemory의 일부 작업만을 마쳤습니다. (0x12B)
[0408/122334.473:ERROR:process_memory_win.cc(73)] ReadMemory at 0x1c6c0622bf8 of 118 bytes failed: ReadProcessMemory 또는 WriteProcessMemory의 일부 작업만을 마쳤습니다. (0x12B)
[0408/122334.473:ERROR:process_memory_win.cc(73)] ReadMemory at 0x1c6c0622c70 of 1210 bytes failed: ReadProcessMemory 또는 WriteProcessMemory의 일부 작업만을 마쳤습니다. (0x12B)
[0408/122334.474:ERROR:process_memory_win.cc(73)] ReadMemory at 0x1c6c062312c of 118 bytes failed: ReadProcessMemory 또는 WriteProcessMemory의 일부 작업만을 마쳤습니다. (0x12B)
[0408/122334.474:ERROR:process_memory_win.cc(73)] ReadMemory at 0x1c6c06231a4 of 100 bytes failed: ReadProcessMemory 또는 WriteProcessMemory의 일부 작업만을 마쳤습니다. (0x12B)
[0408/122334.474:ERROR:process_memory_win.cc(73)] ReadMemory at 0x1c6c0623220 of 58 bytes failed: ReadProcessMemory 또는 WriteProcessMemory의 일부 작업만을 마쳤습니다. (0x12B)
[0408/122334.474:ERROR:process_memory_win.cc(73)] ReadMemory at 0x1c6c0623320 of 132 bytes failed: ReadProcessMemory 또는 WriteProcessMemory의 일부 작업만을 마쳤습니다. (0x12B)
[0408/122334.474:ERROR:process_memory_win.cc(73)] ReadMemory at 0x1c6c06234b0 of 132 bytes failed: ReadProcessMemory 또는 WriteProcessMemory의 일부 작업만을 마쳤습니다. (0x12B)
[0408/122334.474:ERROR:process_memory_win.cc(73)] ReadMemory at 0x1c6c0623670 of 124 bytes failed: ReadProcessMemory 또는 WriteProcessMemory의 일부 작업만을 마쳤습니다. (0x12B)
[0408/122334.474:ERROR:process_memory_win.cc(73)] ReadMemory at 0x1c6c0623a50 of 132 bytes failed: ReadProcessMemory 또는 WriteProcessMemory의 일부 작업만을 마쳤습니다. (0x12B)
[0408/122334.474:ERROR:process_memory_win.cc(73)] ReadMemory at 0x1c6c0623be0 of 64 bytes failed: ReadProcessMemory 또는 WriteProcessMemory의 일부 작업만을 마쳤습니다. (0x12B)
[0408/122334.474:ERROR:process_memory_win.cc(73)] ReadMemory at 0x1c6c0623d40 of 132 bytes failed: ReadProcessMemory 또는 WriteProcessMemory의 일부 작업만을 마쳤습니다. (0x12B)
[0408/122334.474:ERROR:process_memory_win.cc(73)] ReadMemory at 0x1c6c0623f40 of 62 bytes failed: ReadProcessMemory 또는 WriteProcessMemory의 일부 작업만을 마쳤습니다. (0x12B)
[0408/122334.474:ERROR:process_memory_win.cc(73)] ReadMemory at 0x1c6c0624030 of 132 bytes failed: ReadProcessMemory 또는 WriteProcessMemory의 일부 작업만을 마쳤습니다. (0x12B)
[0408/122334.474:ERROR:process_memory_win.cc(73)] ReadMemory at 0x1c6c06241c0 of 68 bytes failed: ReadProcessMemory 또는 WriteProcessMemory의 일부 작업만을 마쳤습니다. (0x12B)
[0408/122334.474:ERROR:process_memory_win.cc(73)] ReadMemory at 0x1c6c062a620 of 132 bytes failed: ReadProcessMemory 또는 WriteProcessMemory의 일부 작업만을 마쳤습니다. (0x12B)
[0408/122334.474:ERROR:process_memory_win.cc(73)] ReadMemory at 0x1c6c062a860 of 132 bytes failed: ReadProcessMemory 또는 WriteProcessMemory의 일부 작업만을 마쳤습니다. (0x12B)
[0408/122334.474:ERROR:process_memory_win.cc(73)] ReadMemory at 0x1c6c062a9f0 of 62 bytes failed: ReadProcessMemory 또는 WriteProcessMemory의 일부 작업만을 마쳤습니다. (0x12B)
[0408/122334.474:ERROR:process_memory_win.cc(73)] ReadMemory at 0x1c6c062c170 of 132 bytes failed: ReadProcessMemory 또는 WriteProcessMemory의 일부 작업만을 마쳤습니다. (0x12B)
[0408/122334.474:ERROR:process_memory_win.cc(73)] ReadMemory at 0x1c6c062c300 of 60 bytes failed: ReadProcessMemory 또는 WriteProcessMemory의 일부 작업만을 마쳤습니다. (0x12B)
[0408/122334.474:ERROR:process_memory_win.cc(73)] ReadMemory at 0x1c6c062c350 of 156 bytes failed: ReadProcessMemory 또는 WriteProcessMemory의 일부 작업만을 마쳤습니다. (0x12B)
[0408/122334.474:ERROR:process_memory_win.cc(73)] ReadMemory at 0x1c6c062c550 of 132 bytes failed: ReadProcessMemory 또는 WriteProcessMemory의 일부 작업만을 마쳤습니다. (0x12B)
[0408/122334.474:ERROR:process_memory_win.cc(73)] ReadMemory at 0x1c6c062c6e0 of 64 bytes failed: ReadProcessMemory 또는 WriteProcessMemory의 일부 작업만을 마쳤습니다. (0x12B)
[0408/122334.474:ERROR:process_memory_win.cc(73)] ReadMemory at 0x1c6c062c960 of 132 bytes failed: ReadProcessMemory 또는 WriteProcessMemory의 일부 작업만을 마쳤습니다. (0x12B)
[0408/122334.474:ERROR:process_memory_win.cc(73)] ReadMemory at 0x1c6c062caf0 of 64 bytes failed: ReadProcessMemory 또는 WriteProcessMemory의 일부 작업만을 마쳤습니다. (0x12B)
[0408/122334.474:ERROR:process_memory_win.cc(73)] ReadMemory at 0x1c6c062cd50 of 132 bytes failed: ReadProcessMemory 또는 WriteProcessMemory의 일부 작업만을 마쳤습니다. (0x12B)
[0408/122334.474:ERROR:process_memory_win.cc(73)] ReadMemory at 0x1c6c062cee0 of 60 bytes failed: ReadProcessMemory 또는 WriteProcessMemory의 일부 작업만을 마쳤습니다. (0x12B)
[0408/122334.474:ERROR:process_memory_win.cc(73)] ReadMemory at 0x1c6c062d200 of 132 bytes failed: ReadProcessMemory 또는 WriteProcessMemory의 일부 작업만을 마쳤습니다. (0x12B)
[0408/122334.475:ERROR:process_memory_win.cc(73)] ReadMemory at 0x1c6c062d390 of 60 bytes failed: ReadProcessMemory 또는 WriteProcessMemory의 일부 작업만을 마쳤습니다. (0x12B)
[0408/122334.475:ERROR:process_memory_win.cc(73)] ReadMemory at 0x1c6c062d5d0 of 132 bytes failed: ReadProcessMemory 또는 WriteProcessMemory의 일부 작업만을 마쳤습니다. (0x12B)
[0408/122334.475:ERROR:process_memory_win.cc(73)] ReadMemory at 0x1c6c062d760 of 62 bytes failed: ReadProcessMemory 또는 WriteProcessMemory의 일부 작업만을 마쳤습니다. (0x12B)
[0408/122334.475:ERROR:process_memory_win.cc(73)] ReadMemory at 0x1c6c062e2b0 of 132 bytes failed: ReadProcessMemory 또는 WriteProcessMemory의 일부 작업만을 마쳤습니다. (0x12B)
[0408/122334.475:ERROR:process_memory_win.cc(73)] ReadMemory at 0x1c6c062e440 of 80 bytes failed: ReadProcessMemory 또는 WriteProcessMemory의 일부 작업만을 마쳤습니다. (0x12B)
[0408/122334.475:ERROR:process_memory_win.cc(73)] ReadMemory at 0x1c6c062e630 of 132 bytes failed: ReadProcessMemory 또는 WriteProcessMemory의 일부 작업만을 마쳤습니다. (0x12B)
[0408/122334.475:ERROR:process_memory_win.cc(73)] ReadMemory at 0x1c6c062ea50 of 76 bytes failed: ReadProcessMemory 또는 WriteProcessMemory의 일부 작업만을 마쳤습니다. (0x12B)
[0408/122334.475:ERROR:process_memory_win.cc(73)] ReadMemory at 0x1c6c062ec30 of 78 bytes failed: ReadProcessMemory 또는 WriteProcessMemory의 일부 작업만을 마쳤습니다. (0x12B)
[0408/122334.475:ERROR:process_memory_win.cc(73)] ReadMemory at 0x1c6c062eef0 of 512 bytes failed: ReadProcessMemory 또는 WriteProcessMemory의 일부 작업만을 마쳤습니다. (0x12B)
[0408/122334.475:ERROR:process_memory_win.cc(73)] ReadMemory at 0x1c6c062f320 of 132 bytes failed: ReadProcessMemory 또는 WriteProcessMemory의 일부 작업만을 마쳤습니다. (0x12B)
[0408/122334.475:ERROR:process_memory_win.cc(73)] ReadMemory at 0x1c6c062f4a0 of 66 bytes failed: ReadProcessMemory 또는 WriteProcessMemory의 일부 작업만을 마쳤습니다. (0x12B)
[0408/122334.475:ERROR:process_memory_win.cc(73)] ReadMemory at 0x1c6c062f4f0 of 62 bytes failed: ReadProcessMemory 또는 WriteProcessMemory의 일부 작업만을 마쳤습니다. (0x12B)
[0408/122334.475:ERROR:process_memory_win.cc(73)] ReadMemory at 0x1c6c062f590 of 62 bytes failed: ReadProcessMemory 또는 WriteProcessMemory의 일부 작업만을 마쳤습니다. (0x12B)
[0408/122334.475:ERROR:process_memory_win.cc(73)] ReadMemory at 0x1c6c062f680 of 62 bytes failed: ReadProcessMemory 또는 WriteProcessMemory의 일부 작업만을 마쳤습니다. (0x12B)
[0408/122334.475:ERROR:process_memory_win.cc(73)] ReadMemory at 0x1c6c062f720 of 64 bytes failed: ReadProcessMemory 또는 WriteProcessMemory의 일부 작업만을 마쳤습니다. (0x12B)
[0408/122334.475:ERROR:process_memory_win.cc(73)] ReadMemory at 0x1c6c062f770 of 66 bytes failed: ReadProcessMemory 또는 WriteProcessMemory의 일부 작업만을 마쳤습니다. (0x12B)
[0408/122334.475:ERROR:process_memory_win.cc(73)] ReadMemory at 0x1c6c062f900 of 62 bytes failed: ReadProcessMemory 또는 WriteProcessMemory의 일부 작업만을 마쳤습니다. (0x12B)
[0408/122334.475:ERROR:process_memory_win.cc(73)] ReadMemory at 0x1c6c062f950 of 60 bytes failed: ReadProcessMemory 또는 WriteProcessMemory의 일부 작업만을 마쳤습니다. (0x12B)
[0408/122334.475:ERROR:process_memory_win.cc(73)] ReadMemory at 0x1c6c062f9f0 of 58 bytes failed: ReadProcessMemory 또는 WriteProcessMemory의 일부 작업만을 마쳤습니다. (0x12B)
[0408/122334.475:ERROR:process_memory_win.cc(73)] ReadMemory at 0x1c6c062fa40 of 64 bytes failed: ReadProcessMemory 또는 WriteProcessMemory의 일부 작업만을 마쳤습니다. (0x12B)
[0408/122334.475:ERROR:process_memory_win.cc(73)] ReadMemory at 0x1c6c062fa90 of 62 bytes failed: ReadProcessMemory 또는 WriteProcessMemory의 일부 작업만을 마쳤습니다. (0x12B)
[0408/122334.475:ERROR:process_memory_win.cc(73)] ReadMemory at 0x1c6c062fae0 of 66 bytes failed: ReadProcessMemory 또는 WriteProcessMemory의 일부 작업만을 마쳤습니다. (0x12B)
[0408/122334.475:ERROR:process_memory_win.cc(73)] ReadMemory at 0x1c6c062fb30 of 58 bytes failed: ReadProcessMemory 또는 WriteProcessMemory의 일부 작업만을 마쳤습니다. (0x12B)
[0408/122334.475:ERROR:process_memory_win.cc(73)] ReadMemory at 0x1c6c062fb80 of 60 bytes failed: ReadProcessMemory 또는 WriteProcessMemory의 일부 작업만을 마쳤습니다. (0x12B)
[0408/122334.475:ERROR:process_memory_win.cc(73)] ReadMemory at 0x1c6c062fbd0 of 60 bytes failed: ReadProcessMemory 또는 WriteProcessMemory의 일부 작업만을 마쳤습니다. (0x12B)
[0408/122334.476:ERROR:process_memory_win.cc(73)] ReadMemory at 0x1c6c0630d80 of 132 bytes failed: ReadProcessMemory 또는 WriteProcessMemory의 일부 작업만을 마쳤습니다. (0x12B)
[0408/122334.476:ERROR:process_memory_win.cc(73)] ReadMemory at 0x1c6c0630fd0 of 132 bytes failed: ReadProcessMemory 또는 WriteProcessMemory의 일부 작업만을 마쳤습니다. (0x12B)
[0408/122334.476:ERROR:process_memory_win.cc(73)] ReadMemory at 0x1c6c0631100 of 132 bytes failed: ReadProcessMemory 또는 WriteProcessMemory의 일부 작업만을 마쳤습니다. (0x12B)
[0408/122334.476:ERROR:process_memory_win.cc(73)] ReadMemory at 0x1c6c0631230 of 132 bytes failed: ReadProcessMemory 또는 WriteProcessMemory의 일부 작업만을 마쳤습니다. (0x12B)
[0408/122334.476:ERROR:process_memory_win.cc(73)] ReadMemory at 0x1c6c0631360 of 132 bytes failed: ReadProcessMemory 또는 WriteProcessMemory의 일부 작업만을 마쳤습니다. (0x12B)
[0408/122334.476:ERROR:process_memory_win.cc(73)] ReadMemory at 0x1c6c0631490 of 132 bytes failed: ReadProcessMemory 또는 WriteProcessMemory의 일부 작업만을 마쳤습니다. (0x12B)
[0408/122334.476:ERROR:process_memory_win.cc(73)] ReadMemory at 0x1c6c06315c0 of 132 bytes failed: ReadProcessMemory 또는 WriteProcessMemory의 일부 작업만을 마쳤습니다. (0x12B)
[0408/122334.476:ERROR:process_memory_win.cc(73)] ReadMemory at 0x1c6c06316f0 of 132 bytes failed: ReadProcessMemory 또는 WriteProcessMemory의 일부 작업만을 마쳤습니다. (0x12B)
[0408/122334.476:ERROR:process_memory_win.cc(73)] ReadMemory at 0x1c6c0631820 of 132 bytes failed: ReadProcessMemory 또는 WriteProcessMemory의 일부 작업만을 마쳤습니다. (0x12B)
[0408/122334.476:ERROR:process_memory_win.cc(73)] ReadMemory at 0x1c6c0631950 of 132 bytes failed: ReadProcessMemory 또는 WriteProcessMemory의 일부 작업만을 마쳤습니다. (0x12B)
[0408/122334.476:ERROR:process_memory_win.cc(73)] ReadMemory at 0x1c6c0631a80 of 132 bytes failed: ReadProcessMemory 또는 WriteProcessMemory의 일부 작업만을 마쳤습니다. (0x12B)
[0408/122334.476:ERROR:process_memory_win.cc(73)] ReadMemory at 0x1c6c0631bb0 of 132 bytes failed: ReadProcessMemory 또는 WriteProcessMemory의 일부 작업만을 마쳤습니다. (0x12B)
[0408/122334.476:ERROR:process_memory_win.cc(73)] ReadMemory at 0x1c6c0631ce0 of 132 bytes failed: ReadProcessMemory 또는 WriteProcessMemory의 일부 작업만을 마쳤습니다. (0x12B)
[0408/122334.476:ERROR:process_memory_win.cc(73)] ReadMemory at 0x1c6c0631e10 of 132 bytes failed: ReadProcessMemory 또는 WriteProcessMemory의 일부 작업만을 마쳤습니다. (0x12B)
[0408/122334.476:ERROR:process_memory_win.cc(73)] ReadMemory at 0x1c6c06321e0 of 246 bytes failed: ReadProcessMemory 또는 WriteProcessMemory의 일부 작업만을 마쳤습니다. (0x12B)
[0408/122334.476:ERROR:process_memory_win.cc(73)] ReadMemory at 0x1c6c06338f0 of 152 bytes failed: ReadProcessMemory 또는 WriteProcessMemory의 일부 작업만을 마쳤습니다. (0x12B)
[0408/122334.476:ERROR:process_memory_win.cc(73)] ReadMemory at 0x1c6c0635200 of 132 bytes failed: ReadProcessMemory 또는 WriteProcessMemory의 일부 작업만을 마쳤습니다. (0x12B)
[0408/122334.476:ERROR:process_memory_win.cc(73)] ReadMemory at 0x1c6c0635330 of 132 bytes failed: ReadProcessMemory 또는 WriteProcessMemory의 일부 작업만을 마쳤습니다. (0x12B)
[0408/122334.476:ERROR:process_memory_win.cc(73)] ReadMemory at 0x1c6c0635460 of 132 bytes failed: ReadProcessMemory 또는 WriteProcessMemory의 일부 작업만을 마쳤습니다. (0x12B)
[0408/122334.476:ERROR:process_memory_win.cc(73)] ReadMemory at 0x1c6c0635590 of 132 bytes failed: ReadProcessMemory 또는 WriteProcessMemory의 일부 작업만을 마쳤습니다. (0x12B)
[0408/122334.476:ERROR:process_memory_win.cc(73)] ReadMemory at 0x1c6c06356c0 of 132 bytes failed: ReadProcessMemory 또는 WriteProcessMemory의 일부 작업만을 마쳤습니다. (0x12B)
[0408/122334.476:ERROR:process_memory_win.cc(73)] ReadMemory at 0x1c6c06357f0 of 132 bytes failed: ReadProcessMemory 또는 WriteProcessMemory의 일부 작업만을 마쳤습니다. (0x12B)
[0408/122334.476:ERROR:process_memory_win.cc(73)] ReadMemory at 0x1c6c0635920 of 132 bytes failed: ReadProcessMemory 또는 WriteProcessMemory의 일부 작업만을 마쳤습니다. (0x12B)
[0408/122334.476:ERROR:process_memory_win.cc(73)] ReadMemory at 0x1c6c0635a50 of 132 bytes failed: ReadProcessMemory 또는 WriteProcessMemory의 일부 작업만을 마쳤습니다. (0x12B)
[0408/122334.476:ERROR:process_memory_win.cc(73)] ReadMemory at 0x1c6c0635cb0 of 132 bytes failed: ReadProcessMemory 또는 WriteProcessMemory의 일부 작업만을 마쳤습니다. (0x12B)
[0408/122334.477:ERROR:process_memory_win.cc(73)] ReadMemory at 0x1c6c0635de0 of 132 bytes failed: ReadProcessMemory 또는 WriteProcessMemory의 일부 작업만을 마쳤습니다. (0x12B)
[0408/122334.477:ERROR:process_memory_win.cc(73)] ReadMemory at 0x1c6c0635f10 of 132 bytes failed: ReadProcessMemory 또는 WriteProcessMemory의 일부 작업만을 마쳤습니다. (0x12B)
[0408/122334.477:ERROR:process_memory_win.cc(73)] ReadMemory at 0x1c6c0636040 of 132 bytes failed: ReadProcessMemory 또는 WriteProcessMemory의 일부 작업만을 마쳤습니다. (0x12B)
[0408/122334.477:ERROR:process_memory_win.cc(73)] ReadMemory at 0x1c6c0636170 of 132 bytes failed: ReadProcessMemory 또는 WriteProcessMemory의 일부 작업만을 마쳤습니다. (0x12B)
[0408/122334.477:ERROR:process_memory_win.cc(73)] ReadMemory at 0x1c6c06362a0 of 132 bytes failed: ReadProcessMemory 또는 WriteProcessMemory의 일부 작업만을 마쳤습니다. (0x12B)
[0408/122334.477:ERROR:process_memory_win.cc(73)] ReadMemory at 0x1c6c06363d0 of 132 bytes failed: ReadProcessMemory 또는 WriteProcessMemory의 일부 작업만을 마쳤습니다. (0x12B)
[0408/122334.477:ERROR:process_memory_win.cc(73)] ReadMemory at 0x1c6c0636500 of 132 bytes failed: ReadProcessMemory 또는 WriteProcessMemory의 일부 작업만을 마쳤습니다. (0x12B)
[0408/122334.477:ERROR:process_memory_win.cc(73)] ReadMemory at 0x1c6c0636760 of 132 bytes failed: ReadProcessMemory 또는 WriteProcessMemory의 일부 작업만을 마쳤습니다. (0x12B)
[0408/122334.477:ERROR:process_memory_win.cc(73)] ReadMemory at 0x1c6c0636890 of 132 bytes failed: ReadProcessMemory 또는 WriteProcessMemory의 일부 작업만을 마쳤습니다. (0x12B)
[0408/122334.477:ERROR:process_memory_win.cc(73)] ReadMemory at 0x1c6c06369c0 of 132 bytes failed: ReadProcessMemory 또는 WriteProcessMemory의 일부 작업만을 마쳤습니다. (0x12B)
[0408/122334.477:ERROR:process_memory_win.cc(73)] ReadMemory at 0x1c6c0636af0 of 132 bytes failed: ReadProcessMemory 또는 WriteProcessMemory의 일부 작업만을 마쳤습니다. (0x12B)
[0408/122334.477:ERROR:process_memory_win.cc(73)] ReadMemory at 0x1c6c0636c20 of 132 bytes failed: ReadProcessMemory 또는 WriteProcessMemory의 일부 작업만을 마쳤습니다. (0x12B)
[0408/122334.477:ERROR:process_memory_win.cc(73)] ReadMemory at 0x1c6c0636d50 of 132 bytes failed: ReadProcessMemory 또는 WriteProcessMemory의 일부 작업만을 마쳤습니다. (0x12B)
[0408/122334.477:ERROR:process_memory_win.cc(73)] ReadMemory at 0x1c6c0636e80 of 132 bytes failed: ReadProcessMemory 또는 WriteProcessMemory의 일부 작업만을 마쳤습니다. (0x12B)
[0408/122334.477:ERROR:process_memory_win.cc(73)] ReadMemory at 0x1c6c0636fb0 of 132 bytes failed: ReadProcessMemory 또는 WriteProcessMemory의 일부 작업만을 마쳤습니다. (0x12B)
[0408/122334.477:ERROR:process_memory_win.cc(73)] ReadMemory at 0x1c6c06372aa of 512 bytes failed: ReadProcessMemory 또는 WriteProcessMemory의 일부 작업만을 마쳤습니다. (0x12B)
[0408/122334.477:ERROR:process_memory_win.cc(73)] ReadMemory at 0x1c6c06397b0 of 60 bytes failed: ReadProcessMemory 또는 WriteProcessMemory의 일부 작업만을 마쳤습니다. (0x12B)
[0408/122334.477:ERROR:process_memory_win.cc(73)] ReadMemory at 0x1c6c0639800 of 64 bytes failed: ReadProcessMemory 또는 WriteProcessMemory의 일부 작업만을 마쳤습니다. (0x12B)
[0408/122334.477:ERROR:process_memory_win.cc(73)] ReadMemory at 0x1c6c0639940 of 64 bytes failed: ReadProcessMemory 또는 WriteProcessMemory의 일부 작업만을 마쳤습니다. (0x12B)
[0408/122334.477:ERROR:process_memory_win.cc(73)] ReadMemory at 0x1c6c0639990 of 62 bytes failed: ReadProcessMemory 또는 WriteProcessMemory의 일부 작업만을 마쳤습니다. (0x12B)
[0408/122334.477:ERROR:process_memory_win.cc(73)] ReadMemory at 0x1c6c06399e0 of 64 bytes failed: ReadProcessMemory 또는 WriteProcessMemory의 일부 작업만을 마쳤습니다. (0x12B)
[0408/122334.477:ERROR:process_memory_win.cc(73)] ReadMemory at 0x1c6c0639a30 of 58 bytes failed: ReadProcessMemory 또는 WriteProcessMemory의 일부 작업만을 마쳤습니다. (0x12B)
[0408/122334.477:ERROR:process_memory_win.cc(73)] ReadMemory at 0x1c6c0639a80 of 64 bytes failed: ReadProcessMemory 또는 WriteProcessMemory의 일부 작업만을 마쳤습니다. (0x12B)
[0408/122334.478:ERROR:process_memory_win.cc(73)] ReadMemory at 0x1c6c0639cb0 of 60 bytes failed: ReadProcessMemory 또는 WriteProcessMemory의 일부 작업만을 마쳤습니다. (0x12B)
[0408/122334.478:ERROR:process_memory_win.cc(73)] ReadMemory at 0x1c6c063a070 of 66 bytes failed: ReadProcessMemory 또는 WriteProcessMemory의 일부 작업만을 마쳤습니다. (0x12B)
[0408/122334.478:ERROR:process_memory_win.cc(73)] ReadMemory at 0x1c6c063a0c0 of 58 bytes failed: ReadProcessMemory 또는 WriteProcessMemory의 일부 작업만을 마쳤습니다. (0x12B)
[0408/122334.478:ERROR:process_memory_win.cc(73)] ReadMemory at 0x1c6c0643d60 of 54 bytes failed: ReadProcessMemory 또는 WriteProcessMemory의 일부 작업만을 마쳤습니다. (0x12B)
[0408/122334.478:ERROR:process_memory_win.cc(73)] ReadMemory at 0x1c6c0648550 of 60 bytes failed: ReadProcessMemory 또는 WriteProcessMemory의 일부 작업만을 마쳤습니다. (0x12B)
[0408/122334.478:ERROR:process_memory_win.cc(73)] ReadMemory at 0x1c6c0648640 of 64 bytes failed: ReadProcessMemory 또는 WriteProcessMemory의 일부 작업만을 마쳤습니다. (0x12B)
[0408/122334.478:ERROR:process_memory_win.cc(73)] ReadMemory at 0x1c6c0648820 of 62 bytes failed: ReadProcessMemory 또는 WriteProcessMemory의 일부 작업만을 마쳤습니다. (0x12B)
[0408/122334.478:ERROR:process_memory_win.cc(73)] ReadMemory at 0x1c6c0648b40 of 64 bytes failed: ReadProcessMemory 또는 WriteProcessMemory의 일부 작업만을 마쳤습니다. (0x12B)
[0408/122334.478:ERROR:process_memory_win.cc(73)] ReadMemory at 0x1c6c0648b90 of 62 bytes failed: ReadProcessMemory 또는 WriteProcessMemory의 일부 작업만을 마쳤습니다. (0x12B)
[0408/122334.478:ERROR:process_memory_win.cc(73)] ReadMemory at 0x1c6c0648be0 of 56 bytes failed: ReadProcessMemory 또는 WriteProcessMemory의 일부 작업만을 마쳤습니다. (0x12B)
[0408/122334.478:ERROR:process_memory_win.cc(73)] ReadMemory at 0x1c6c0648d20 of 62 bytes failed: ReadProcessMemory 또는 WriteProcessMemory의 일부 작업만을 마쳤습니다. (0x12B)
[0408/122334.478:ERROR:process_memory_win.cc(73)] ReadMemory at 0x1c6c0648dc0 of 60 bytes failed: ReadProcessMemory 또는 WriteProcessMemory의 일부 작업만을 마쳤습니다. (0x12B)
[0408/122334.478:ERROR:process_memory_win.cc(73)] ReadMemory at 0x1c6c0648e10 of 58 bytes failed: ReadProcessMemory 또는 WriteProcessMemory의 일부 작업만을 마쳤습니다. (0x12B)
[0408/122334.478:ERROR:process_memory_win.cc(73)] ReadMemory at 0x1c6c0648e60 of 62 bytes failed: ReadProcessMemory 또는 WriteProcessMemory의 일부 작업만을 마쳤습니다. (0x12B)
[0408/122334.478:ERROR:process_memory_win.cc(73)] ReadMemory at 0x1c6c0649040 of 64 bytes failed: ReadProcessMemory 또는 WriteProcessMemory의 일부 작업만을 마쳤습니다. (0x12B)
[0408/122334.478:ERROR:process_memory_win.cc(73)] ReadMemory at 0x1c6c06490e0 of 62 bytes failed: ReadProcessMemory 또는 WriteProcessMemory의 일부 작업만을 마쳤습니다. (0x12B)
[0408/122334.478:ERROR:process_memory_win.cc(73)] ReadMemory at 0x1c6c0649270 of 60 bytes failed: ReadProcessMemory 또는 WriteProcessMemory의 일부 작업만을 마쳤습니다. (0x12B)
[0408/122334.478:ERROR:process_memory_win.cc(73)] ReadMemory at 0x1c6c06492c0 of 60 bytes failed: ReadProcessMemory 또는 WriteProcessMemory의 일부 작업만을 마쳤습니다. (0x12B)
[0408/122334.478:ERROR:process_memory_win.cc(73)] ReadMemory at 0x1c6c064a350 of 132 bytes failed: ReadProcessMemory 또는 WriteProcessMemory의 일부 작업만을 마쳤습니다. (0x12B)
[0408/122334.478:ERROR:process_memory_win.cc(73)] ReadMemory at 0x1c6c064ae00 of 132 bytes failed: ReadProcessMemory 또는 WriteProcessMemory의 일부 작업만을 마쳤습니다. (0x12B)
[0408/122334.478:ERROR:process_memory_win.cc(73)] ReadMemory at 0x1c6c064af30 of 132 bytes failed: ReadProcessMemory 또는 WriteProcessMemory의 일부 작업만을 마쳤습니다. (0x12B)
[0408/122334.478:ERROR:process_memory_win.cc(73)] ReadMemory at 0x1c6c064b2c0 of 132 bytes failed: ReadProcessMemory 또는 WriteProcessMemory의 일부 작업만을 마쳤습니다. (0x12B)
[0408/122334.478:ERROR:process_memory_win.cc(73)] ReadMemory at 0x1c6c065a530 of 512 bytes failed: ReadProcessMemory 또는 WriteProcessMemory의 일부 작업만을 마쳤습니다. (0x12B)
[0408/122334.478:ERROR:process_memory_win.cc(73)] ReadMemory at 0x1c6c065bae0 of 512 bytes failed: ReadProcessMemory 또는 WriteProcessMemory의 일부 작업만을 마쳤습니다. (0x12B)
[0408/122334.478:ERROR:process_memory_win.cc(73)] ReadMemory at 0x1c6c0850870 of 696 bytes failed: ReadProcessMemory 또는 WriteProcessMemory의 일부 작업만을 마쳤습니다. (0x12B)
[0408/122334.478:ERROR:process_memory_win.cc(73)] ReadMemory at 0x1c6c0852710 of 512 bytes failed: ReadProcessMemory 또는 WriteProcessMemory의 일부 작업만을 마쳤습니다. (0x12B)
[0408/122334.479:ERROR:process_memory_win.cc(73)] ReadMemory at 0x1c6c28e5620 of 512 bytes failed: ReadProcessMemory 또는 WriteProcessMemory의 일부 작업만을 마쳤습니다. (0x12B)
[0408/122334.479:ERROR:process_memory_win.cc(73)] ReadMemory at 0x1c6c2910fd0 of 512 bytes failed: ReadProcessMemory 또는 WriteProcessMemory의 일부 작업만을 마쳤습니다. (0x12B)
[0408/122334.479:ERROR:process_memory_win.cc(73)] ReadMemory at 0x1c6c2911750 of 512 bytes failed: ReadProcessMemory 또는 WriteProcessMemory의 일부 작업만을 마쳤습니다. (0x12B)
[0408/122334.479:ERROR:process_memory_win.cc(73)] ReadMemory at 0x1c6c2911d50 of 512 bytes failed: ReadProcessMemory 또는 WriteProcessMemory의 일부 작업만을 마쳤습니다. (0x12B)
[0408/122334.479:ERROR:process_memory_win.cc(73)] ReadMemory at 0x1c6c2d9c970 of 512 bytes failed: ReadProcessMemory 또는 WriteProcessMemory의 일부 작업만을 마쳤습니다. (0x12B)
[0408/122334.479:ERROR:process_memory_win.cc(73)] ReadMemory at 0x1c6c2e77820 of 512 bytes failed: ReadProcessMemory 또는 WriteProcessMemory의 일부 작업만을 마쳤습니다. (0x12B)
[0408/122334.479:ERROR:process_memory_win.cc(73)] ReadMemory at 0x1c6c2f12cf0 of 512 bytes failed: ReadProcessMemory 또는 WriteProcessMemory의 일부 작업만을 마쳤습니다. (0x12B)
[0408/122334.479:ERROR:process_memory_win.cc(73)] ReadMemory at 0x1c6c9de7090 of 512 bytes failed: ReadProcessMemory 또는 WriteProcessMemory의 일부 작업만을 마쳤습니다. (0x12B)
[0408/122334.479:ERROR:process_memory_win.cc(73)] ReadMemory at 0x1c6c9ebcbe0 of 512 bytes failed: ReadProcessMemory 또는 WriteProcessMemory의 일부 작업만을 마쳤습니다. (0x12B)
[0408/122334.479:ERROR:process_memory_win.cc(73)] ReadMemory at 0x1c6c9f1fc90 of 512 bytes failed: ReadProcessMemory 또는 WriteProcessMemory의 일부 작업만을 마쳤습니다. (0x12B)
[0408/122334.479:ERROR:process_memory_win.cc(73)] ReadMemory at 0x1c6c9f30c40 of 512 bytes failed: ReadProcessMemory 또는 WriteProcessMemory의 일부 작업만을 마쳤습니다. (0x12B)
[0408/122334.479:ERROR:process_memory_win.cc(73)] ReadMemory at 0x1c6c9fab930 of 512 bytes failed: ReadProcessMemory 또는 WriteProcessMemory의 일부 작업만을 마쳤습니다. (0x12B)
[0408/122334.479:ERROR:process_memory_win.cc(73)] ReadMemory at 0x1c6ca3cfce0 of 512 bytes failed: ReadProcessMemory 또는 WriteProcessMemory의 일부 작업만을 마쳤습니다. (0x12B)
[0408/122334.479:ERROR:process_memory_win.cc(73)] ReadMemory at 0x1c6ca3d24c0 of 512 bytes failed: ReadProcessMemory 또는 WriteProcessMemory의 일부 작업만을 마쳤습니다. (0x12B)
[0408/122334.479:ERROR:process_memory_win.cc(73)] ReadMemory at 0x1c6cae84e81 of 512 bytes failed: ReadProcessMemory 또는 WriteProcessMemory의 일부 작업만을 마쳤습니다. (0x12B)
[0408/122334.479:ERROR:process_memory_win.cc(73)] ReadMemory at 0x1c6cb110600 of 512 bytes failed: ReadProcessMemory 또는 WriteProcessMemory의 일부 작업만을 마쳤습니다. (0x12B)
[0408/122334.479:ERROR:process_memory_win.cc(73)] ReadMemory at 0x1c6cb1c9000 of 400 bytes failed: ReadProcessMemory 또는 WriteProcessMemory의 일부 작업만을 마쳤습니다. (0x12B)
[0408/122334.479:ERROR:process_memory_win.cc(73)] ReadMemory at 0x1c6cb1d3430 of 512 bytes failed: ReadProcessMemory 또는 WriteProcessMemory의 일부 작업만을 마쳤습니다. (0x12B)
[0408/122334.479:ERROR:process_memory_win.cc(73)] ReadMemory at 0x1c6cb2f7d08 of 512 bytes failed: ReadProcessMemory 또는 WriteProcessMemory의 일부 작업만을 마쳤습니다. (0x12B)
[0408/122334.479:ERROR:process_memory_win.cc(73)] ReadMemory at 0x1c6cb536380 of 512 bytes failed: ReadProcessMemory 또는 WriteProcessMemory의 일부 작업만을 마쳤습니다. (0x12B)
[0408/122334.479:ERROR:process_memory_win.cc(73)] ReadMemory at 0x3dddd89e8ec0 of 512 bytes failed: ReadProcessMemory 또는 WriteProcessMemory의 일부 작업만을 마쳤습니다. (0x12B)
[0408/122334.479:ERROR:process_memory_win.cc(73)] ReadMemory at 0x7ff89959f288 of 512 bytes failed: ReadProcessMemory 또는 WriteProcessMemory의 일부 작업만을 마쳤습니다. (0x12B)
[0408/122334.479:ERROR:process_memory_win.cc(73)] ReadMemory at 0x7ff8995a2e04 of 512 bytes failed: ReadProcessMemory 또는 WriteProcessMemory의 일부 작업만을 마쳤습니다. (0x12B)
[0408/122334.479:ERROR:process_memory_win.cc(73)] ReadMemory at 0x7ff8996025be of 512 bytes failed: ReadProcessMemory 또는 WriteProcessMemory의 일부 작업만을 마쳤습니다. (0x12B)
[0408/122334.479:ERROR:process_memory_win.cc(73)] ReadMemory at 0x7ff89e081070 of 512 bytes failed: ReadProcessMemory 또는 WriteProcessMemory의 일부 작업만을 마쳤습니다. (0x12B)
[0408/122334.480:ERROR:process_memory_win.cc(73)] ReadMemory at 0x7ff89e1bda70 of 512 bytes failed: ReadProcessMemory 또는 WriteProcessMemory의 일부 작업만을 마쳤습니다. (0x12B)
[0408/122334.480:ERROR:process_memory_win.cc(73)] ReadMemory at 0x7ff8d1c62a16 of 512 bytes failed: ReadProcessMemory 또는 WriteProcessMemory의 일부 작업만을 마쳤습니다. (0x12B)
[0408/122334.480:ERROR:process_memory_win.cc(73)] ReadMemory at 0x7ff9012ea308 of 512 bytes failed: ReadProcessMemory 또는 WriteProcessMemory의 일부 작업만을 마쳤습니다. (0x12B)
[0408/122334.480:ERROR:process_memory_win.cc(73)] ReadMemory at 0x7ff903bf0b90 of 512 bytes failed: ReadProcessMemory 또는 WriteProcessMemory의 일부 작업만을 마쳤습니다. (0x12B)
[0408/122334.480:ERROR:process_memory_win.cc(73)] ReadMemory at 0x7ff904306270 of 512 bytes failed: ReadProcessMemory 또는 WriteProcessMemory의 일부 작업만을 마쳤습니다. (0x12B)
[0408/122334.480:ERROR:process_memory_win.cc(73)] ReadMemory at 0x7ff9043079f0 of 512 bytes failed: ReadProcessMemory 또는 WriteProcessMemory의 일부 작업만을 마쳤습니다. (0x12B)
[0408/122334.480:ERROR:process_memory_win.cc(73)] ReadMemory at 0x7ff9043082e0 of 512 bytes failed: ReadProcessMemory 또는 WriteProcessMemory의 일부 작업만을 마쳤습니다. (0x12B)
[0408/122334.480:ERROR:process_memory_win.cc(73)] ReadMemory at 0x7ff90430a0d0 of 512 bytes failed: ReadProcessMemory 또는 WriteProcessMemory의 일부 작업만을 마쳤습니다. (0x12B)
[0408/122334.480:ERROR:process_memory_win.cc(73)] ReadMemory at 0x7ff90437a9a4 of 832 bytes failed: ReadProcessMemory 또는 WriteProcessMemory의 일부 작업만을 마쳤습니다. (0x12B)
[0408/122334.480:ERROR:process_memory_win.cc(73)] ReadMemory at 0x7ff90437e214 of 608 bytes failed: ReadProcessMemory 또는 WriteProcessMemory의 일부 작업만을 마쳤습니다. (0x12B)
[0408/122334.480:ERROR:process_memory_win.cc(73)] ReadMemory at 0x7ff9044001e0 of 18 bytes failed: ReadProcessMemory 또는 WriteProcessMemory의 일부 작업만을 마쳤습니다. (0x12B)
[0408/122334.480:ERROR:process_memory_win.cc(73)] ReadMemory at 0x7ff9044365b0 of 40 bytes failed: ReadProcessMemory 또는 WriteProcessMemory의 일부 작업만을 마쳤습니다. (0x12B)
[0408/122334.480:ERROR:process_memory_win.cc(73)] ReadMemory at 0x7ff904436a08 of 48 bytes failed: ReadProcessMemory 또는 WriteProcessMemory의 일부 작업만을 마쳤습니다. (0x12B)
[0408/122334.480:ERROR:process_memory_win.cc(73)] ReadMemory at 0x7ff90443c360 of 64 bytes failed: ReadProcessMemory 또는 WriteProcessMemory의 일부 작업만을 마쳤습니다. (0x12B)
[0408/122334.481:ERROR:scoped_process_suspend.cc(40)] NtResumeProcess: 기존 프로세스에 액세스하려고 했습니다. (0xc000010a)
